Traceback (most recent call last):
  File "D:\programas\Anaconda\Lib\site-packages\jupyter_cache\executors\utils.py", line 58, in single_nb_execution
    executenb(
  File "D:\programas\Anaconda\Lib\site-packages\nbclient\client.py", line 1204, in execute
    return NotebookClient(nb=nb, resources=resources, km=km, **kwargs).execute()
           ^^^^^^^^^^^^^^^^^^^^^^^^^^^^^^^^^^^^^^^^^^^^^^^^^^^^^^^^^^^^^^^^^^^^^
  File "D:\programas\Anaconda\Lib\site-packages\nbclient\util.py", line 84, in wrapped
    return just_run(coro(*args, **kwargs))
           ^^^^^^^^^^^^^^^^^^^^^^^^^^^^^^^
  File "D:\programas\Anaconda\Lib\site-packages\nbclient\util.py", line 62, in just_run
    return loop.run_until_complete(coro)
           ^^^^^^^^^^^^^^^^^^^^^^^^^^^^^
  File "D:\programas\Anaconda\Lib\asyncio\base_events.py", line 653, in run_until_complete
    return future.result()
           ^^^^^^^^^^^^^^^
  File "D:\programas\Anaconda\Lib\site-packages\nbclient\client.py", line 663, in async_execute
    await self.async_execute_cell(
  File "D:\programas\Anaconda\Lib\site-packages\nbclient\client.py", line 965, in async_execute_cell
    await self._check_raise_for_error(cell, cell_index, exec_reply)
  File "D:\programas\Anaconda\Lib\site-packages\nbclient\client.py", line 862, in _check_raise_for_error
    raise CellExecutionError.from_cell_and_msg(cell, exec_reply_content)
nbclient.exceptions.CellExecutionError: An error occurred while executing the following cell:
------------------
qc_output = QuantumCircuit(8)
qc_output.measure_all()
qc_output.draw(initial_state=True, output='mpl') 
------------------

[1;31m---------------------------------------------------------------------------[0m
[1;31mMissingOptionalLibraryError[0m               Traceback (most recent call last)
Cell [1;32mIn[5], line 3[0m
[0;32m      1[0m qc_output [38;5;241m=[39m QuantumCircuit([38;5;241m8[39m)
[0;32m      2[0m qc_output[38;5;241m.[39mmeasure_all()
[1;32m----> 3[0m qc_output[38;5;241m.[39mdraw(initial_state[38;5;241m=[39m[38;5;28;01mTrue[39;00m, output[38;5;241m=[39m[38;5;124m'[39m[38;5;124mmpl[39m[38;5;124m'[39m)

File [1;32mD:\programas\Anaconda\Lib\site-packages\qiskit\circuit\quantumcircuit.py:1913[0m, in [0;36mQuantumCircuit.draw[1;34m(self, output, scale, filename, style, interactive, plot_barriers, reverse_bits, justify, vertical_compression, idle_wires, with_layout, fold, ax, initial_state, cregbundle, wire_order)[0m
[0;32m   1910[0m [38;5;66;03m# pylint: disable=cyclic-import[39;00m
[0;32m   1911[0m [38;5;28;01mfrom[39;00m [38;5;21;01mqiskit[39;00m[38;5;21;01m.[39;00m[38;5;21;01mvisualization[39;00m [38;5;28;01mimport[39;00m circuit_drawer
[1;32m-> 1913[0m [38;5;28;01mreturn[39;00m circuit_drawer(
[0;32m   1914[0m     [38;5;28mself[39m,
[0;32m   1915[0m     scale[38;5;241m=[39mscale,
[0;32m   1916[0m     filename[38;5;241m=[39mfilename,
[0;32m   1917[0m     style[38;5;241m=[39mstyle,
[0;32m   1918[0m     output[38;5;241m=[39moutput,
[0;32m   1919[0m     interactive[38;5;241m=[39minteractive,
[0;32m   1920[0m     plot_barriers[38;5;241m=[39mplot_barriers,
[0;32m   1921[0m     reverse_bits[38;5;241m=[39mreverse_bits,
[0;32m   1922[0m     justify[38;5;241m=[39mjustify,
[0;32m   1923[0m     vertical_compression[38;5;241m=[39mvertical_compression,
[0;32m   1924[0m     idle_wires[38;5;241m=[39midle_wires,
[0;32m   1925[0m     with_layout[38;5;241m=[39mwith_layout,
[0;32m   1926[0m     fold[38;5;241m=[39mfold,
[0;32m   1927[0m     ax[38;5;241m=[39max,
[0;32m   1928[0m     initial_state[38;5;241m=[39minitial_state,
[0;32m   1929[0m     cregbundle[38;5;241m=[39mcregbundle,
[0;32m   1930[0m     wire_order[38;5;241m=[39mwire_order,
[0;32m   1931[0m )

File [1;32mD:\programas\Anaconda\Lib\site-packages\qiskit\visualization\circuit\circuit_visualization.py:292[0m, in [0;36mcircuit_drawer[1;34m(circuit, scale, filename, style, output, interactive, plot_barriers, reverse_bits, justify, vertical_compression, idle_wires, with_layout, fold, ax, initial_state, cregbundle, wire_order)[0m
[0;32m    277[0m     [38;5;28;01mreturn[39;00m _generate_latex_source(
[0;32m    278[0m         circuit,
[0;32m    279[0m         filename[38;5;241m=[39mfilename,
[1;32m   (...)[0m
[0;32m    289[0m         wire_order[38;5;241m=[39mcomplete_wire_order,
[0;32m    290[0m     )
[0;32m    291[0m [38;5;28;01melif[39;00m output [38;5;241m==[39m [38;5;124m"[39m[38;5;124mmpl[39m[38;5;124m"[39m:
[1;32m--> 292[0m     image [38;5;241m=[39m _matplotlib_circuit_drawer(
[0;32m    293[0m         circuit,
[0;32m    294[0m         scale[38;5;241m=[39mscale,
[0;32m    295[0m         filename[38;5;241m=[39mfilename,
[0;32m    296[0m         style[38;5;241m=[39mstyle,
[0;32m    297[0m         plot_barriers[38;5;241m=[39mplot_barriers,
[0;32m    298[0m         reverse_bits[38;5;241m=[39mreverse_bits,
[0;32m    299[0m         justify[38;5;241m=[39mjustify,
[0;32m    300[0m         idle_wires[38;5;241m=[39midle_wires,
[0;32m    301[0m         with_layout[38;5;241m=[39mwith_layout,
[0;32m    302[0m         fold[38;5;241m=[39mfold,
[0;32m    303[0m         ax[38;5;241m=[39max,
[0;32m    304[0m         initial_state[38;5;241m=[39minitial_state,
[0;32m    305[0m         cregbundle[38;5;241m=[39mcregbundle,
[0;32m    306[0m         wire_order[38;5;241m=[39mcomplete_wire_order,
[0;32m    307[0m     )
[0;32m    308[0m [38;5;28;01melse[39;00m:
[0;32m    309[0m     [38;5;28;01mraise[39;00m VisualizationError(
[0;32m    310[0m         [38;5;124m"[39m[38;5;124mInvalid output type [39m[38;5;132;01m%s[39;00m[38;5;124m selected. The only valid choices [39m[38;5;124m"[39m
[0;32m    311[0m         [38;5;124m"[39m[38;5;124mare text, latex, latex_source, and mpl[39m[38;5;124m"[39m [38;5;241m%[39m output
[0;32m    312[0m     )

File [1;32mD:\programas\Anaconda\Lib\site-packages\qiskit\visualization\circuit\circuit_visualization.py:662[0m, in [0;36m_matplotlib_circuit_drawer[1;34m(circuit, scale, filename, style, plot_barriers, reverse_bits, justify, idle_wires, with_layout, fold, ax, initial_state, cregbundle, wire_order)[0m
[0;32m    659[0m [38;5;28;01mif[39;00m fold [38;5;129;01mis[39;00m [38;5;28;01mNone[39;00m:
[0;32m    660[0m     fold [38;5;241m=[39m [38;5;241m25[39m
[1;32m--> 662[0m qcd [38;5;241m=[39m _matplotlib[38;5;241m.[39mMatplotlibDrawer(
[0;32m    663[0m     qubits,
[0;32m    664[0m     clbits,
[0;32m    665[0m     nodes,
[0;32m    666[0m     circuit,
[0;32m    667[0m     scale[38;5;241m=[39mscale,
[0;32m    668[0m     style[38;5;241m=[39mstyle,
[0;32m    669[0m     reverse_bits[38;5;241m=[39mreverse_bits,
[0;32m    670[0m     plot_barriers[38;5;241m=[39mplot_barriers,
[0;32m    671[0m     fold[38;5;241m=[39mfold,
[0;32m    672[0m     ax[38;5;241m=[39max,
[0;32m    673[0m     initial_state[38;5;241m=[39minitial_state,
[0;32m    674[0m     cregbundle[38;5;241m=[39mcregbundle,
[0;32m    675[0m     with_layout[38;5;241m=[39mwith_layout,
[0;32m    676[0m )
[0;32m    677[0m [38;5;28;01mreturn[39;00m qcd[38;5;241m.[39mdraw(filename)

File [1;32mD:\programas\Anaconda\Lib\site-packages\qiskit\utils\classtools.py:111[0m, in [0;36m_WrappedMethod.__get__.<locals>.out[1;34m(*args, **kwargs)[0m
[0;32m    108[0m [38;5;129m@functools[39m[38;5;241m.[39mwraps(method)
[0;32m    109[0m [38;5;28;01mdef[39;00m [38;5;21mout[39m([38;5;241m*[39margs, [38;5;241m*[39m[38;5;241m*[39mkwargs):
[0;32m    110[0m     [38;5;28;01mfor[39;00m callback [38;5;129;01min[39;00m [38;5;28mself[39m[38;5;241m.[39m_before:
[1;32m--> 111[0m         callback[38;5;241m.[39m[38;5;21m__get__[39m(obj, objtype)([38;5;241m*[39margs, [38;5;241m*[39m[38;5;241m*[39mkwargs)
[0;32m    112[0m     retval [38;5;241m=[39m method([38;5;241m*[39margs, [38;5;241m*[39m[38;5;241m*[39mkwargs)
[0;32m    113[0m     [38;5;28;01mfor[39;00m callback [38;5;129;01min[39;00m [38;5;28mself[39m[38;5;241m.[39m_after:

File [1;32mD:\programas\Anaconda\Lib\site-packages\qiskit\utils\lazy_tester.py:39[0m, in [0;36m_RequireNow.__call__[1;34m(self, *_args, **_kwargs)[0m
[0;32m     38[0m [38;5;28;01mdef[39;00m [38;5;21m__call__[39m([38;5;28mself[39m, [38;5;241m*[39m_args, [38;5;241m*[39m[38;5;241m*[39m_kwargs):
[1;32m---> 39[0m     [38;5;28mself[39m[38;5;241m.[39m_tester[38;5;241m.[39mrequire_now([38;5;28mself[39m[38;5;241m.[39m_feature)

File [1;32mD:\programas\Anaconda\Lib\site-packages\qiskit\utils\lazy_tester.py:223[0m, in [0;36mLazyDependencyManager.require_now[1;34m(self, feature)[0m
[0;32m    221[0m [38;5;28;01mif[39;00m [38;5;28mself[39m:
[0;32m    222[0m     [38;5;28;01mreturn[39;00m
[1;32m--> 223[0m [38;5;28;01mraise[39;00m MissingOptionalLibraryError(
[0;32m    224[0m     libname[38;5;241m=[39m[38;5;28mself[39m[38;5;241m.[39m_name, name[38;5;241m=[39mfeature, pip_install[38;5;241m=[39m[38;5;28mself[39m[38;5;241m.[39m_install, msg[38;5;241m=[39m[38;5;28mself[39m[38;5;241m.[39m_msg
[0;32m    225[0m )

[1;31mMissingOptionalLibraryError[0m: "The 'pylatexenc' library is required to use 'MatplotlibDrawer'. You can install it with 'pip install pylatexenc'."
MissingOptionalLibraryError: "The 'pylatexenc' library is required to use 'MatplotlibDrawer'. You can install it with 'pip install pylatexenc'."

